2020-12-01 13:09:05,964:INFO: device: cuda:1
2020-12-01 13:09:05,967:INFO: -------- Vocabulary Loaded! --------
2020-12-01 13:09:06,324:INFO: -------- Process Done! --------
2020-12-01 13:09:06,342:INFO: -------- Process Done! --------
2020-12-01 13:09:28,351:INFO: epoch: 1, train loss: 865.9511139621043
2020-12-01 13:09:30,626:INFO: epoch: 1, f1 score: 0.3558907460252752, dev loss: 490.2346622242647
2020-12-01 13:09:30,680:INFO: --------Save best model!--------
2020-12-01 13:09:50,697:INFO: epoch: 2, train loss: 388.90146946670984
2020-12-01 13:09:52,916:INFO: epoch: 2, f1 score: 0.5398535114174924, dev loss: 364.30457261029414
2020-12-01 13:09:52,962:INFO: --------Save best model!--------
2020-12-01 13:10:12,970:INFO: epoch: 3, train loss: 255.97307060417955
2020-12-01 13:10:15,196:INFO: epoch: 3, f1 score: 0.6130952380952381, dev loss: 289.3737362132353
2020-12-01 13:10:15,248:INFO: --------Save best model!--------
2020-12-01 13:10:35,314:INFO: epoch: 4, train loss: 173.01409275067522
2020-12-01 13:10:37,567:INFO: epoch: 4, f1 score: 0.6438062580368624, dev loss: 280.3402458639706
2020-12-01 13:10:37,614:INFO: --------Save best model!--------
2020-12-01 13:10:57,883:INFO: epoch: 5, train loss: 116.75261350826855
2020-12-01 13:11:00,140:INFO: epoch: 5, f1 score: 0.6562959848644104, dev loss: 274.60954733455884
2020-12-01 13:11:00,741:INFO: --------Save best model!--------
2020-12-01 13:11:20,667:INFO: epoch: 6, train loss: 75.23745858472566
2020-12-01 13:11:22,888:INFO: epoch: 6, f1 score: 0.6581429469712848, dev loss: 284.8466796875
2020-12-01 13:11:22,934:INFO: --------Save best model!--------
2020-12-01 13:11:42,804:INFO: epoch: 7, train loss: 49.47745822994622
2020-12-01 13:11:45,028:INFO: epoch: 7, f1 score: 0.6676545300592718, dev loss: 322.83039407169116
2020-12-01 13:11:45,069:INFO: --------Save best model!--------
2020-12-01 13:12:04,945:INFO: epoch: 8, train loss: 36.08643675952068
2020-12-01 13:12:07,169:INFO: epoch: 8, f1 score: 0.6743023740108289, dev loss: 320.5693359375
2020-12-01 13:12:07,209:INFO: --------Save best model!--------
2020-12-01 13:12:27,122:INFO: epoch: 9, train loss: 29.684054384137145
2020-12-01 13:12:29,356:INFO: epoch: 9, f1 score: 0.6612227805695143, dev loss: 378.49738625919116
2020-12-01 13:12:49,259:INFO: epoch: 10, train loss: 28.148035685221355
2020-12-01 13:12:51,511:INFO: epoch: 10, f1 score: 0.6783993295621202, dev loss: 348.59251493566177
2020-12-01 13:12:51,556:INFO: --------Save best model!--------
2020-12-01 13:13:11,470:INFO: epoch: 11, train loss: 16.807050018814138
2020-12-01 13:13:13,698:INFO: epoch: 11, f1 score: 0.6760092030955868, dev loss: 376.4019416360294
2020-12-01 13:13:33,613:INFO: epoch: 12, train loss: 11.574835254807677
2020-12-01 13:13:35,847:INFO: epoch: 12, f1 score: 0.6800334168755221, dev loss: 402.2013154871324
2020-12-01 13:13:35,890:INFO: --------Save best model!--------
2020-12-01 13:13:55,822:INFO: epoch: 13, train loss: 10.24570611129106
2020-12-01 13:13:58,060:INFO: epoch: 13, f1 score: 0.6724963564438893, dev loss: 411.26433249080884
2020-12-01 13:14:17,985:INFO: epoch: 14, train loss: 10.81615137975208
2020-12-01 13:14:20,227:INFO: epoch: 14, f1 score: 0.680637049455155, dev loss: 414.6242244944853
2020-12-01 13:14:20,268:INFO: --------Save best model!--------
2020-12-01 13:14:40,185:INFO: epoch: 15, train loss: 8.338968371400739
2020-12-01 13:14:42,418:INFO: epoch: 15, f1 score: 0.6736797811908269, dev loss: 450.58947035845586
2020-12-01 13:15:02,321:INFO: epoch: 16, train loss: 6.967436636241749
2020-12-01 13:15:04,551:INFO: epoch: 16, f1 score: 0.6876851460008463, dev loss: 440.1723058363971
2020-12-01 13:15:04,594:INFO: --------Save best model!--------
2020-12-01 13:15:24,492:INFO: epoch: 17, train loss: 4.399374870577268
2020-12-01 13:15:26,715:INFO: epoch: 17, f1 score: 0.6873039113156243, dev loss: 452.8855411305147
2020-12-01 13:15:46,615:INFO: epoch: 18, train loss: 3.846249007549223
2020-12-01 13:15:48,841:INFO: epoch: 18, f1 score: 0.6832607342874922, dev loss: 463.4010225183824
2020-12-01 13:16:08,733:INFO: epoch: 19, train loss: 3.777561131090221
2020-12-01 13:16:10,977:INFO: epoch: 19, f1 score: 0.6813093980992607, dev loss: 482.7242647058824
2020-12-01 13:16:30,891:INFO: epoch: 20, train loss: 5.674414798371469
2020-12-01 13:16:33,135:INFO: epoch: 20, f1 score: 0.6774193548387096, dev loss: 457.1732823988971
2020-12-01 13:16:53,032:INFO: epoch: 21, train loss: 4.993915350130289
2020-12-01 13:16:55,264:INFO: epoch: 21, f1 score: 0.6818943839061191, dev loss: 458.6677676930147
2020-12-01 13:16:55,264:INFO: Best val f1: 0.6876851460008463
2020-12-01 13:16:55,265:INFO: Training Finished!
2020-12-01 13:16:55,303:INFO: -------- Process Done! --------
2020-12-01 13:16:55,323:INFO: --------Load model from /home/xiaheming/workspace/BERT-NER/experiments/clue/model.pth--------
2020-12-01 13:16:58,098:INFO: --------Bad Cases reserved !--------
2020-12-01 13:16:58,169:INFO: final test loss: 459.1573195684524, f1 score: 0.674663161353927
2020-12-01 13:16:58,169:INFO: f1 score of address: 0.47368421052631576
2020-12-01 13:16:58,169:INFO: f1 score of book: 0.657142857142857
2020-12-01 13:16:58,169:INFO: f1 score of company: 0.7106325706594886
2020-12-01 13:16:58,169:INFO: f1 score of game: 0.7628205128205128
2020-12-01 13:16:58,169:INFO: f1 score of government: 0.7129455909943715
2020-12-01 13:16:58,169:INFO: f1 score of movie: 0.6753246753246753
2020-12-01 13:16:58,169:INFO: f1 score of name: 0.7149122807017544
2020-12-01 13:16:58,169:INFO: f1 score of organization: 0.7328671328671328
2020-12-01 13:16:58,169:INFO: f1 score of position: 0.7233009708737864
2020-12-01 13:16:58,169:INFO: f1 score of scene: 0.5116279069767441
